Analysis initiated from SIMULIA established products
Abaqus JOB Job-1
Abaqus 3DEXPERIENCE R2019x
Abaqus License Manager checked out the following licenses:
Abaqus/Standard checked out 6 tokens from Flexnet server abaqus.lisens.ntnu.no.
<526 out of 1000 licenses remain available>.
Begin Analysis Input File Processor
24.09.2020 16:37:50
Run pre.exe
24.09.2020 16:37:59
End Analysis Input File Processor
Begin Abaqus/Standard Analysis
24.09.2020 16:37:59
Run standard.exe
24.09.2020 16:38:24
End Abaqus/Standard Analysis
Begin Convert MFS to SFS
24.09.2020 16:38:27
Run SMASimUtility.exe
24.09.2020 16:38:27
End Convert MFS to SFS
Abaqus JOB Job-1 COMPLETED
